find_header: checking for float.h... -------------------- yes

"cc -o conftest -I/Users/paul/.rbenv/versions/1.9.3-p392/include/ruby-1.9.1/x86_64-darwin12.2.1 -I/Users/paul/.rbenv/versions/1.9.3-p392/include/ruby-1.9.1/ruby/backward -I/Users/paul/.rbenv/versions/1.9.3-p392/include/ruby-1.9.1 -I. -I'/Users/paul/.rbenv/versions/1.9.3-p392/include'  -D_XOPEN_SOURCE -D_DARWIN_C_SOURCE  -I'/Users/paul/.rbenv/versions/1.9.3-p392/include'   -O3 -ggdb -Wall -Wextra -Wno-unused-parameter -Wno-parentheses -Wno-long-long -Wno-missing-field-initializers -Wpointer-arith -Wwrite-strings -Wdeclaration-after-statement -Wshorten-64-to-32 -Wimplicit-function-declaration  -pipe conftest.c  -L. -L/Users/paul/.rbenv/versions/1.9.3-p392/lib -L. -L'/Users/paul/.rbenv/versions/1.9.3-p392/lib'      -lruby-static  -lpthread -ldl -lobjc "
checked program was:
/* begin */
1: #include "ruby.h"
2: 
3: int main() {return 0;}
/* end */

"cc -E -I/Users/paul/.rbenv/versions/1.9.3-p392/include/ruby-1.9.1/x86_64-darwin12.2.1 -I/Users/paul/.rbenv/versions/1.9.3-p392/include/ruby-1.9.1/ruby/backward -I/Users/paul/.rbenv/versions/1.9.3-p392/include/ruby-1.9.1 -I. -I'/Users/paul/.rbenv/versions/1.9.3-p392/include'  -D_XOPEN_SOURCE -D_DARWIN_C_SOURCE  -I'/Users/paul/.rbenv/versions/1.9.3-p392/include'   -O3 -ggdb -Wall -Wextra -Wno-unused-parameter -Wno-parentheses -Wno-long-long -Wno-missing-field-initializers -Wpointer-arith -Wwrite-strings -Wdeclaration-after-statement -Wshorten-64-to-32 -Wimplicit-function-declaration  -pipe  conftest.c -o conftest.i"
checked program was:
/* begin */
1: #include "ruby.h"
2: 
3: #include <float.h>
/* end */

--------------------

find_header: checking for ruby.h... -------------------- yes

"cc -E -I/Users/paul/.rbenv/versions/1.9.3-p392/include/ruby-1.9.1/x86_64-darwin12.2.1 -I/Users/paul/.rbenv/versions/1.9.3-p392/include/ruby-1.9.1/ruby/backward -I/Users/paul/.rbenv/versions/1.9.3-p392/include/ruby-1.9.1 -I. -I'/Users/paul/.rbenv/versions/1.9.3-p392/include'  -D_XOPEN_SOURCE -D_DARWIN_C_SOURCE  -I'/Users/paul/.rbenv/versions/1.9.3-p392/include'   -O3 -ggdb -Wall -Wextra -Wno-unused-parameter -Wno-parentheses -Wno-long-long -Wno-missing-field-initializers -Wpointer-arith -Wwrite-strings -Wdeclaration-after-statement -Wshorten-64-to-32 -Wimplicit-function-declaration  -pipe  conftest.c -o conftest.i"
checked program was:
/* begin */
1: #include "ruby.h"
2: 
3: #include <ruby.h>
/* end */

--------------------

find_header: checking for stdlib.h... -------------------- yes

"cc -E -I/Users/paul/.rbenv/versions/1.9.3-p392/include/ruby-1.9.1/x86_64-darwin12.2.1 -I/Users/paul/.rbenv/versions/1.9.3-p392/include/ruby-1.9.1/ruby/backward -I/Users/paul/.rbenv/versions/1.9.3-p392/include/ruby-1.9.1 -I. -I'/Users/paul/.rbenv/versions/1.9.3-p392/include'  -D_XOPEN_SOURCE -D_DARWIN_C_SOURCE  -I'/Users/paul/.rbenv/versions/1.9.3-p392/include'   -O3 -ggdb -Wall -Wextra -Wno-unused-parameter -Wno-parentheses -Wno-long-long -Wno-missing-field-initializers -Wpointer-arith -Wwrite-strings -Wdeclaration-after-statement -Wshorten-64-to-32 -Wimplicit-function-declaration  -pipe  conftest.c -o conftest.i"
checked program was:
/* begin */
1: #include "ruby.h"
2: 
3: #include <stdlib.h>
/* end */

--------------------

find_header: checking for string.h... -------------------- yes

"cc -E -I/Users/paul/.rbenv/versions/1.9.3-p392/include/ruby-1.9.1/x86_64-darwin12.2.1 -I/Users/paul/.rbenv/versions/1.9.3-p392/include/ruby-1.9.1/ruby/backward -I/Users/paul/.rbenv/versions/1.9.3-p392/include/ruby-1.9.1 -I. -I'/Users/paul/.rbenv/versions/1.9.3-p392/include'  -D_XOPEN_SOURCE -D_DARWIN_C_SOURCE  -I'/Users/paul/.rbenv/versions/1.9.3-p392/include'   -O3 -ggdb -Wall -Wextra -Wno-unused-parameter -Wno-parentheses -Wno-long-long -Wno-missing-field-initializers -Wpointer-arith -Wwrite-strings -Wdeclaration-after-statement -Wshorten-64-to-32 -Wimplicit-function-declaration  -pipe  conftest.c -o conftest.i"
checked program was:
/* begin */
1: #include "ruby.h"
2: 
3: #include <string.h>
/* end */

--------------------

have_header: checking for fcntl.h... -------------------- yes

"cc -E -I/Users/paul/.rbenv/versions/1.9.3-p392/include/ruby-1.9.1/x86_64-darwin12.2.1 -I/Users/paul/.rbenv/versions/1.9.3-p392/include/ruby-1.9.1/ruby/backward -I/Users/paul/.rbenv/versions/1.9.3-p392/include/ruby-1.9.1 -I. -I'/Users/paul/.rbenv/versions/1.9.3-p392/include'  -D_XOPEN_SOURCE -D_DARWIN_C_SOURCE  -I'/Users/paul/.rbenv/versions/1.9.3-p392/include'   -O3 -ggdb -Wall -Wextra -Wno-unused-parameter -Wno-parentheses -Wno-long-long -Wno-missing-field-initializers -Wpointer-arith -Wwrite-strings -Wdeclaration-after-statement -Wshorten-64-to-32 -Wimplicit-function-declaration  -pipe  conftest.c -o conftest.i"
checked program was:
/* begin */
1: #include "ruby.h"
2: 
3: #include <fcntl.h>
/* end */

--------------------

have_header: checking for stdint.h... -------------------- yes

"cc -E -I/Users/paul/.rbenv/versions/1.9.3-p392/include/ruby-1.9.1/x86_64-darwin12.2.1 -I/Users/paul/.rbenv/versions/1.9.3-p392/include/ruby-1.9.1/ruby/backward -I/Users/paul/.rbenv/versions/1.9.3-p392/include/ruby-1.9.1 -I. -I'/Users/paul/.rbenv/versions/1.9.3-p392/include'  -D_XOPEN_SOURCE -D_DARWIN_C_SOURCE  -I'/Users/paul/.rbenv/versions/1.9.3-p392/include'   -O3 -ggdb -Wall -Wextra -Wno-unused-parameter -Wno-parentheses -Wno-long-long -Wno-missing-field-initializers -Wpointer-arith -Wwrite-strings -Wdeclaration-after-statement -Wshorten-64-to-32 -Wimplicit-function-declaration  -pipe  conftest.c -o conftest.i"
checked program was:
/* begin */
1: #include "ruby.h"
2: 
3: #include <stdint.h>
/* end */

--------------------

have_header: checking for sys/errno.h... -------------------- yes

"cc -E -I/Users/paul/.rbenv/versions/1.9.3-p392/include/ruby-1.9.1/x86_64-darwin12.2.1 -I/Users/paul/.rbenv/versions/1.9.3-p392/include/ruby-1.9.1/ruby/backward -I/Users/paul/.rbenv/versions/1.9.3-p392/include/ruby-1.9.1 -I. -I'/Users/paul/.rbenv/versions/1.9.3-p392/include'  -D_XOPEN_SOURCE -D_DARWIN_C_SOURCE  -I'/Users/paul/.rbenv/versions/1.9.3-p392/include'   -O3 -ggdb -Wall -Wextra -Wno-unused-parameter -Wno-parentheses -Wno-long-long -Wno-missing-field-initializers -Wpointer-arith -Wwrite-strings -Wdeclaration-after-statement -Wshorten-64-to-32 -Wimplicit-function-declaration  -pipe  conftest.c -o conftest.i"
checked program was:
/* begin */
1: #include "ruby.h"
2: 
3: #include <sys/errno.h>
/* end */

--------------------

have_header: checking for sys/socket.h... -------------------- yes

"cc -E -I/Users/paul/.rbenv/versions/1.9.3-p392/include/ruby-1.9.1/x86_64-darwin12.2.1 -I/Users/paul/.rbenv/versions/1.9.3-p392/include/ruby-1.9.1/ruby/backward -I/Users/paul/.rbenv/versions/1.9.3-p392/include/ruby-1.9.1 -I. -I'/Users/paul/.rbenv/versions/1.9.3-p392/include'  -D_XOPEN_SOURCE -D_DARWIN_C_SOURCE  -I'/Users/paul/.rbenv/versions/1.9.3-p392/include'   -O3 -ggdb -Wall -Wextra -Wno-unused-parameter -Wno-parentheses -Wno-long-long -Wno-missing-field-initializers -Wpointer-arith -Wwrite-strings -Wdeclaration-after-statement -Wshorten-64-to-32 -Wimplicit-function-declaration  -pipe  conftest.c -o conftest.i"
checked program was:
/* begin */
1: #include "ruby.h"
2: 
3: #include <sys/socket.h>
/* end */

--------------------

have_header: checking for ruby/st.h... -------------------- yes

"cc -E -I/Users/paul/.rbenv/versions/1.9.3-p392/include/ruby-1.9.1/x86_64-darwin12.2.1 -I/Users/paul/.rbenv/versions/1.9.3-p392/include/ruby-1.9.1/ruby/backward -I/Users/paul/.rbenv/versions/1.9.3-p392/include/ruby-1.9.1 -I. -I'/Users/paul/.rbenv/versions/1.9.3-p392/include'  -D_XOPEN_SOURCE -D_DARWIN_C_SOURCE  -I'/Users/paul/.rbenv/versions/1.9.3-p392/include'   -O3 -ggdb -Wall -Wextra -Wno-unused-parameter -Wno-parentheses -Wno-long-long -Wno-missing-field-initializers -Wpointer-arith -Wwrite-strings -Wdeclaration-after-statement -Wshorten-64-to-32 -Wimplicit-function-declaration  -pipe  conftest.c -o conftest.i"
checked program was:
/* begin */
1: #include "ruby.h"
2: 
3: #include <ruby/st.h>
/* end */

--------------------

have_header: checking for st.h... -------------------- yes

"cc -E -I/Users/paul/.rbenv/versions/1.9.3-p392/include/ruby-1.9.1/x86_64-darwin12.2.1 -I/Users/paul/.rbenv/versions/1.9.3-p392/include/ruby-1.9.1/ruby/backward -I/Users/paul/.rbenv/versions/1.9.3-p392/include/ruby-1.9.1 -I. -I'/Users/paul/.rbenv/versions/1.9.3-p392/include'  -D_XOPEN_SOURCE -D_DARWIN_C_SOURCE  -I'/Users/paul/.rbenv/versions/1.9.3-p392/include'   -O3 -ggdb -Wall -Wextra -Wno-unused-parameter -Wno-parentheses -Wno-long-long -Wno-missing-field-initializers -Wpointer-arith -Wwrite-strings -Wdeclaration-after-statement -Wshorten-64-to-32 -Wimplicit-function-declaration  -pipe  conftest.c -o conftest.i"
In file included from conftest.c:3:
/Users/paul/.rbenv/versions/1.9.3-p392/include/ruby-1.9.1/ruby/backward/st.h:2:2: warning: use "ruby/st.h" instead of bare "st.h" [-W#warnings]
#warning use "ruby/st.h" instead of bare "st.h"
 ^
1 warning generated.
checked program was:
/* begin */
1: #include "ruby.h"
2: 
3: #include <st.h>
/* end */

--------------------

have_library: checking for pthread_create() in -lpthread... -------------------- yes

"cc -o conftest -I/Users/paul/.rbenv/versions/1.9.3-p392/include/ruby-1.9.1/x86_64-darwin12.2.1 -I/Users/paul/.rbenv/versions/1.9.3-p392/include/ruby-1.9.1/ruby/backward -I/Users/paul/.rbenv/versions/1.9.3-p392/include/ruby-1.9.1 -I. -I'/Users/paul/.rbenv/versions/1.9.3-p392/include'  -D_XOPEN_SOURCE -D_DARWIN_C_SOURCE  -I'/Users/paul/.rbenv/versions/1.9.3-p392/include'   -O3 -ggdb -Wall -Wextra -Wno-unused-parameter -Wno-parentheses -Wno-long-long -Wno-missing-field-initializers -Wpointer-arith -Wwrite-strings -Wdeclaration-after-statement -Wshorten-64-to-32 -Wimplicit-function-declaration  -pipe conftest.c  -L. -L/Users/paul/.rbenv/versions/1.9.3-p392/lib -L. -L'/Users/paul/.rbenv/versions/1.9.3-p392/lib'      -lruby-static -lpthread  -lpthread -ldl -lobjc "
conftest.c:5:53: error: use of undeclared identifier 'pthread_create'
int t() { void ((*volatile p)()); p = (void ((*)()))pthread_create; return 0; }
                                                    ^
1 error generated.
checked program was:
/* begin */
1: #include "ruby.h"
2: 
3: /*top*/
4: int main() {return 0;}
5: int t() { void ((*volatile p)()); p = (void ((*)()))pthread_create; return 0; }
/* end */

"cc -o conftest -I/Users/paul/.rbenv/versions/1.9.3-p392/include/ruby-1.9.1/x86_64-darwin12.2.1 -I/Users/paul/.rbenv/versions/1.9.3-p392/include/ruby-1.9.1/ruby/backward -I/Users/paul/.rbenv/versions/1.9.3-p392/include/ruby-1.9.1 -I. -I'/Users/paul/.rbenv/versions/1.9.3-p392/include'  -D_XOPEN_SOURCE -D_DARWIN_C_SOURCE  -I'/Users/paul/.rbenv/versions/1.9.3-p392/include'   -O3 -ggdb -Wall -Wextra -Wno-unused-parameter -Wno-parentheses -Wno-long-long -Wno-missing-field-initializers -Wpointer-arith -Wwrite-strings -Wdeclaration-after-statement -Wshorten-64-to-32 -Wimplicit-function-declaration  -pipe conftest.c  -L. -L/Users/paul/.rbenv/versions/1.9.3-p392/lib -L. -L'/Users/paul/.rbenv/versions/1.9.3-p392/lib'      -lruby-static -lpthread  -lpthread -ldl -lobjc "
conftest.c:5:11: warning: implicit declaration of function 'pthread_create' is invalid in C99 [-Wimplicit-function-declaration]
int t() { pthread_create(); return 0; }
          ^
1 warning generated.
checked program was:
/* begin */
1: #include "ruby.h"
2: 
3: /*top*/
4: int main() {return 0;}
5: int t() { pthread_create(); return 0; }
/* end */

--------------------

